0 info it worked if it ends with ok
1 verbose cli [ '/usr/bin/node',
1 verbose cli   '/usr/bin/npm',
1 verbose cli   'install',
1 verbose cli   '--save-dev',
1 verbose cli   'gulp-broserify',
1 verbose cli   'vinyl-source-stream',
1 verbose cli   'vinyl-buffer',
1 verbose cli   'gulp-uglify',
1 verbose cli   'gulp-sourcemaps' ]
2 info using npm@1.4.28
3 info using node@v0.10.33
4 verbose node symlink /usr/bin/node
5 warn package.json @ No description
6 warn package.json @ No repository field.
7 warn package.json @ No README data
8 verbose readDependencies using package.json deps
9 verbose cache add [ 'gulp-broserify', null ]
10 verbose cache add name=undefined spec="gulp-broserify" args=["gulp-broserify",null]
11 verbose parsed url { protocol: null,
11 verbose parsed url   slashes: null,
11 verbose parsed url   auth: null,
11 verbose parsed url   host: null,
11 verbose parsed url   port: null,
11 verbose parsed url   hostname: null,
11 verbose parsed url   hash: null,
11 verbose parsed url   search: null,
11 verbose parsed url   query: null,
11 verbose parsed url   pathname: 'gulp-broserify',
11 verbose parsed url   path: 'gulp-broserify',
11 verbose parsed url   href: 'gulp-broserify' }
12 verbose cache add [ 'vinyl-source-stream', null ]
13 verbose cache add name=undefined spec="vinyl-source-stream" args=["vinyl-source-stream",null]
14 verbose parsed url { protocol: null,
14 verbose parsed url   slashes: null,
14 verbose parsed url   auth: null,
14 verbose parsed url   host: null,
14 verbose parsed url   port: null,
14 verbose parsed url   hostname: null,
14 verbose parsed url   hash: null,
14 verbose parsed url   search: null,
14 verbose parsed url   query: null,
14 verbose parsed url   pathname: 'vinyl-source-stream',
14 verbose parsed url   path: 'vinyl-source-stream',
14 verbose parsed url   href: 'vinyl-source-stream' }
15 verbose cache add [ 'vinyl-buffer', null ]
16 verbose cache add name=undefined spec="vinyl-buffer" args=["vinyl-buffer",null]
17 verbose parsed url { protocol: null,
17 verbose parsed url   slashes: null,
17 verbose parsed url   auth: null,
17 verbose parsed url   host: null,
17 verbose parsed url   port: null,
17 verbose parsed url   hostname: null,
17 verbose parsed url   hash: null,
17 verbose parsed url   search: null,
17 verbose parsed url   query: null,
17 verbose parsed url   pathname: 'vinyl-buffer',
17 verbose parsed url   path: 'vinyl-buffer',
17 verbose parsed url   href: 'vinyl-buffer' }
18 verbose cache add [ 'gulp-uglify', null ]
19 verbose cache add name=undefined spec="gulp-uglify" args=["gulp-uglify",null]
20 verbose parsed url { protocol: null,
20 verbose parsed url   slashes: null,
20 verbose parsed url   auth: null,
20 verbose parsed url   host: null,
20 verbose parsed url   port: null,
20 verbose parsed url   hostname: null,
20 verbose parsed url   hash: null,
20 verbose parsed url   search: null,
20 verbose parsed url   query: null,
20 verbose parsed url   pathname: 'gulp-uglify',
20 verbose parsed url   path: 'gulp-uglify',
20 verbose parsed url   href: 'gulp-uglify' }
21 verbose cache add [ 'gulp-sourcemaps', null ]
22 verbose cache add name=undefined spec="gulp-sourcemaps" args=["gulp-sourcemaps",null]
23 verbose parsed url { protocol: null,
23 verbose parsed url   slashes: null,
23 verbose parsed url   auth: null,
23 verbose parsed url   host: null,
23 verbose parsed url   port: null,
23 verbose parsed url   hostname: null,
23 verbose parsed url   hash: null,
23 verbose parsed url   search: null,
23 verbose parsed url   query: null,
23 verbose parsed url   pathname: 'gulp-sourcemaps',
23 verbose parsed url   path: 'gulp-sourcemaps',
23 verbose parsed url   href: 'gulp-sourcemaps' }
24 silly lockFile 5bf79628-gulp-broserify gulp-broserify
25 verbose lock gulp-broserify /home/vagrant/.npm/5bf79628-gulp-broserify.lock
26 silly lockFile a72c1fd8-vinyl-source-stream vinyl-source-stream
27 verbose lock vinyl-source-stream /home/vagrant/.npm/a72c1fd8-vinyl-source-stream.lock
28 silly lockFile 794d2912-vinyl-buffer vinyl-buffer
29 verbose lock vinyl-buffer /home/vagrant/.npm/794d2912-vinyl-buffer.lock
30 silly lockFile 15fab96b-gulp-uglify gulp-uglify
31 verbose lock gulp-uglify /home/vagrant/.npm/15fab96b-gulp-uglify.lock
32 silly lockFile 5c5345b9-gulp-sourcemaps gulp-sourcemaps
33 verbose lock gulp-sourcemaps /home/vagrant/.npm/5c5345b9-gulp-sourcemaps.lock
34 silly lockFile 5bf79628-gulp-broserify gulp-broserify
35 silly lockFile 5bf79628-gulp-broserify gulp-broserify
36 silly lockFile a72c1fd8-vinyl-source-stream vinyl-source-stream
37 silly lockFile a72c1fd8-vinyl-source-stream vinyl-source-stream
38 silly lockFile 794d2912-vinyl-buffer vinyl-buffer
39 silly lockFile 794d2912-vinyl-buffer vinyl-buffer
40 silly lockFile 15fab96b-gulp-uglify gulp-uglify
41 silly lockFile 15fab96b-gulp-uglify gulp-uglify
42 silly lockFile 5c5345b9-gulp-sourcemaps gulp-sourcemaps
43 silly lockFile 5c5345b9-gulp-sourcemaps gulp-sourcemaps
44 verbose addNamed [ 'gulp-broserify', '' ]
45 verbose addNamed [ null, '*' ]
46 silly lockFile 389b2cfb-gulp-broserify gulp-broserify@
47 verbose lock gulp-broserify@ /home/vagrant/.npm/389b2cfb-gulp-broserify.lock
48 verbose addNamed [ 'vinyl-source-stream', '' ]
49 verbose addNamed [ null, '*' ]
50 silly lockFile b7d6893a-vinyl-source-stream vinyl-source-stream@
51 verbose lock vinyl-source-stream@ /home/vagrant/.npm/b7d6893a-vinyl-source-stream.lock
52 verbose addNamed [ 'vinyl-buffer', '' ]
53 verbose addNamed [ null, '*' ]
54 silly lockFile 960e84d6-vinyl-buffer vinyl-buffer@
55 verbose lock vinyl-buffer@ /home/vagrant/.npm/960e84d6-vinyl-buffer.lock
56 verbose addNamed [ 'gulp-uglify', '' ]
57 verbose addNamed [ null, '*' ]
58 silly lockFile 044a9113-gulp-uglify gulp-uglify@
59 verbose lock gulp-uglify@ /home/vagrant/.npm/044a9113-gulp-uglify.lock
60 verbose addNamed [ 'gulp-sourcemaps', '' ]
61 verbose addNamed [ null, '*' ]
62 silly lockFile e21003b7-gulp-sourcemaps gulp-sourcemaps@
63 verbose lock gulp-sourcemaps@ /home/vagrant/.npm/e21003b7-gulp-sourcemaps.lock
64 silly addNameRange { name: 'gulp-broserify', range: '*', hasData: false }
65 silly addNameRange { name: 'vinyl-source-stream', range: '*', hasData: false }
66 silly addNameRange { name: 'vinyl-buffer', range: '*', hasData: false }
67 silly addNameRange { name: 'gulp-uglify', range: '*', hasData: false }
68 silly addNameRange { name: 'gulp-sourcemaps', range: '*', hasData: false }
69 verbose request where is /gulp-broserify
70 verbose request registry https://registry.npmjs.org/
71 verbose request id fd3e9e071102959a
72 verbose url raw /gulp-broserify
73 verbose url resolving [ 'https://registry.npmjs.org/', './gulp-broserify' ]
74 verbose url resolved https://registry.npmjs.org/gulp-broserify
75 verbose request where is https://registry.npmjs.org/gulp-broserify
76 info trying registry request attempt 1 at 06:52:10
77 http GET https://registry.npmjs.org/gulp-broserify
78 verbose request where is /vinyl-source-stream
79 verbose request registry https://registry.npmjs.org/
80 verbose url raw /vinyl-source-stream
81 verbose url resolving [ 'https://registry.npmjs.org/', './vinyl-source-stream' ]
82 verbose url resolved https://registry.npmjs.org/vinyl-source-stream
83 verbose request where is https://registry.npmjs.org/vinyl-source-stream
84 info trying registry request attempt 1 at 06:52:10
85 http GET https://registry.npmjs.org/vinyl-source-stream
86 verbose request where is /vinyl-buffer
87 verbose request registry https://registry.npmjs.org/
88 verbose url raw /vinyl-buffer
89 verbose url resolving [ 'https://registry.npmjs.org/', './vinyl-buffer' ]
90 verbose url resolved https://registry.npmjs.org/vinyl-buffer
91 verbose request where is https://registry.npmjs.org/vinyl-buffer
92 info trying registry request attempt 1 at 06:52:10
93 http GET https://registry.npmjs.org/vinyl-buffer
94 verbose request where is /gulp-uglify
95 verbose request registry https://registry.npmjs.org/
96 verbose url raw /gulp-uglify
97 verbose url resolving [ 'https://registry.npmjs.org/', './gulp-uglify' ]
98 verbose url resolved https://registry.npmjs.org/gulp-uglify
99 verbose request where is https://registry.npmjs.org/gulp-uglify
100 info trying registry request attempt 1 at 06:52:10
101 http GET https://registry.npmjs.org/gulp-uglify
102 verbose request where is /gulp-sourcemaps
103 verbose request registry https://registry.npmjs.org/
104 verbose url raw /gulp-sourcemaps
105 verbose url resolving [ 'https://registry.npmjs.org/', './gulp-sourcemaps' ]
106 verbose url resolved https://registry.npmjs.org/gulp-sourcemaps
107 verbose request where is https://registry.npmjs.org/gulp-sourcemaps
108 info trying registry request attempt 1 at 06:52:10
109 http GET https://registry.npmjs.org/gulp-sourcemaps
110 http 200 https://registry.npmjs.org/vinyl-buffer
111 silly registry.get cb [ 200,
111 silly registry.get   { date: 'Tue, 24 Feb 2015 07:04:50 GMT',
111 silly registry.get     server: 'CouchDB/1.5.0 (Erlang OTP/R16B03)',
111 silly registry.get     etag: '"A95GSCC0Z9LB9YFF3EB9TKALW"',
111 silly registry.get     'content-type': 'application/json',
111 silly registry.get     'cache-control': 'max-age=60',
111 silly registry.get     'content-length': '4807',
111 silly registry.get     'accept-ranges': 'bytes',
111 silly registry.get     via: '1.1 varnish',
111 silly registry.get     age: '50',
111 silly registry.get     'x-served-by': 'cache-fra1226-FRA',
111 silly registry.get     'x-cache': 'HIT',
111 silly registry.get     'x-cache-hits': '1',
111 silly registry.get     'x-timer': 'S1424761490.702853,VS0,VE0',
111 silly registry.get     vary: 'Accept',
111 silly registry.get     'keep-alive': 'timeout=10, max=50',
111 silly registry.get     connection: 'Keep-Alive' } ]
112 http 200 https://registry.npmjs.org/vinyl-source-stream
113 silly registry.get cb [ 200,
113 silly registry.get   { date: 'Tue, 24 Feb 2015 07:04:50 GMT',
113 silly registry.get     server: 'CouchDB/1.5.0 (Erlang OTP/R16B03)',
113 silly registry.get     etag: '"8LDMGHD8CX7367K8MD6CSYKHB"',
113 silly registry.get     'content-type': 'application/json',
113 silly registry.get     'cache-control': 'max-age=60',
113 silly registry.get     'content-length': '9273',
113 silly registry.get     'accept-ranges': 'bytes',
113 silly registry.get     via: '1.1 varnish',
113 silly registry.get     age: '50',
113 silly registry.get     'x-served-by': 'cache-fra1231-FRA',
113 silly registry.get     'x-cache': 'HIT',
113 silly registry.get     'x-cache-hits': '1',
113 silly registry.get     'x-timer': 'S1424761490.707888,VS0,VE0',
113 silly registry.get     vary: 'Accept',
113 silly registry.get     'keep-alive': 'timeout=10, max=50',
113 silly registry.get     connection: 'Keep-Alive' } ]
114 silly addNameRange number 2 { name: 'vinyl-buffer', range: '*', hasData: true }
115 silly addNameRange versions [ 'vinyl-buffer', [ '0.0.0', '1.0.0' ] ]
116 verbose addNamed [ 'vinyl-buffer', '1.0.0' ]
117 verbose addNamed [ '1.0.0', '1.0.0' ]
118 silly lockFile ca8e3468-vinyl-buffer-1-0-0 vinyl-buffer@1.0.0
119 verbose lock vinyl-buffer@1.0.0 /home/vagrant/.npm/ca8e3468-vinyl-buffer-1-0-0.lock
120 silly addNameRange number 2 { name: 'vinyl-source-stream', range: '*', hasData: true }
121 silly addNameRange versions [ 'vinyl-source-stream',
121 silly addNameRange   [ '0.0.0', '0.1.0', '0.1.1', '1.0.0' ] ]
122 verbose addNamed [ 'vinyl-source-stream', '1.0.0' ]
123 verbose addNamed [ '1.0.0', '1.0.0' ]
124 silly lockFile b760c02b-vinyl-source-stream-1-0-0 vinyl-source-stream@1.0.0
125 verbose lock vinyl-source-stream@1.0.0 /home/vagrant/.npm/b760c02b-vinyl-source-stream-1-0-0.lock
126 silly lockFile 9b09d9b1-yl-buffer-vinyl-buffer-1-0-0-tgz https://registry.npmjs.org/vinyl-buffer/-/vinyl-buffer-1.0.0.tgz
127 verbose lock https://registry.npmjs.org/vinyl-buffer/-/vinyl-buffer-1.0.0.tgz /home/vagrant/.npm/9b09d9b1-yl-buffer-vinyl-buffer-1-0-0-tgz.lock
128 silly lockFile 9fa7316b-am-vinyl-source-stream-1-0-0-tgz https://registry.npmjs.org/vinyl-source-stream/-/vinyl-source-stream-1.0.0.tgz
129 verbose lock https://registry.npmjs.org/vinyl-source-stream/-/vinyl-source-stream-1.0.0.tgz /home/vagrant/.npm/9fa7316b-am-vinyl-source-stream-1-0-0-tgz.lock
130 verbose addRemoteTarball [ 'https://registry.npmjs.org/vinyl-buffer/-/vinyl-buffer-1.0.0.tgz',
130 verbose addRemoteTarball   'ca067ea08431d507722b1de5083f602616ebc234' ]
131 verbose addRemoteTarball [ 'https://registry.npmjs.org/vinyl-source-stream/-/vinyl-source-stream-1.0.0.tgz',
131 verbose addRemoteTarball   '78e2030826f5b55cf96b102741f0abf1c411b9bb' ]
132 info retry fetch attempt 1 at 06:52:10
133 verbose fetch to= /tmp/npm-12497-vyRWfCuK/registry.npmjs.org/vinyl-buffer/-/vinyl-buffer-1.0.0.tgz
134 http GET https://registry.npmjs.org/vinyl-buffer/-/vinyl-buffer-1.0.0.tgz
135 info retry fetch attempt 1 at 06:52:10
136 verbose fetch to= /tmp/npm-12497-vyRWfCuK/registry.npmjs.org/vinyl-source-stream/-/vinyl-source-stream-1.0.0.tgz
137 http GET https://registry.npmjs.org/vinyl-source-stream/-/vinyl-source-stream-1.0.0.tgz
138 http 200 https://registry.npmjs.org/gulp-sourcemaps
139 silly registry.get cb [ 200,
139 silly registry.get   { date: 'Tue, 24 Feb 2015 07:04:50 GMT',
139 silly registry.get     server: 'CouchDB/1.5.0 (Erlang OTP/R16B03)',
139 silly registry.get     etag: '"D3KEGO49IE2LCGU0TNB8G26XU"',
139 silly registry.get     'content-type': 'application/json',
139 silly registry.get     'cache-control': 'max-age=60',
139 silly registry.get     'content-length': '49596',
139 silly registry.get     'accept-ranges': 'bytes',
139 silly registry.get     via: '1.1 varnish',
139 silly registry.get     age: '50',
139 silly registry.get     'x-served-by': 'cache-fra1230-FRA',
139 silly registry.get     'x-cache': 'HIT',
139 silly registry.get     'x-cache-hits': '1',
139 silly registry.get     'x-timer': 'S1424761490.709479,VS0,VE0',
139 silly registry.get     vary: 'Accept',
139 silly registry.get     'keep-alive': 'timeout=10, max=50',
139 silly registry.get     connection: 'Keep-Alive' } ]
140 silly addNameRange number 2 { name: 'gulp-sourcemaps', range: '*', hasData: true }
141 silly addNameRange versions [ 'gulp-sourcemaps',
141 silly addNameRange   [ '0.2.0',
141 silly addNameRange     '0.2.1',
141 silly addNameRange     '0.3.0',
141 silly addNameRange     '0.3.1',
141 silly addNameRange     '0.4.0',
141 silly addNameRange     '0.4.1',
141 silly addNameRange     '0.4.2',
141 silly addNameRange     '0.4.3',
141 silly addNameRange     '0.4.4',
141 silly addNameRange     '0.4.5',
141 silly addNameRange     '0.4.6',
141 silly addNameRange     '1.0.0',
141 silly addNameRange     '1.1.0',
141 silly addNameRange     '1.1.1',
141 silly addNameRange     '1.1.2',
141 silly addNameRange     '1.1.3',
141 silly addNameRange     '1.1.4',
141 silly addNameRange     '1.1.5',
141 silly addNameRange     '1.2.0',
141 silly addNameRange     '1.2.1',
141 silly addNameRange     '1.2.2',
141 silly addNameRange     '1.2.3',
141 silly addNameRange     '1.2.4',
141 silly addNameRange     '1.2.5',
141 silly addNameRange     '1.2.6',
141 silly addNameRange     '1.2.7',
141 silly addNameRange     '1.2.8',
141 silly addNameRange     '1.3.0' ] ]
142 verbose addNamed [ 'gulp-sourcemaps', '1.3.0' ]
143 verbose addNamed [ '1.3.0', '1.3.0' ]
144 silly lockFile c9dc25b5-gulp-sourcemaps-1-3-0 gulp-sourcemaps@1.3.0
145 verbose lock gulp-sourcemaps@1.3.0 /home/vagrant/.npm/c9dc25b5-gulp-sourcemaps-1-3-0.lock
146 silly lockFile 18b35538-cemaps-gulp-sourcemaps-1-3-0-tgz https://registry.npmjs.org/gulp-sourcemaps/-/gulp-sourcemaps-1.3.0.tgz
147 verbose lock https://registry.npmjs.org/gulp-sourcemaps/-/gulp-sourcemaps-1.3.0.tgz /home/vagrant/.npm/18b35538-cemaps-gulp-sourcemaps-1-3-0-tgz.lock
148 verbose addRemoteTarball [ 'https://registry.npmjs.org/gulp-sourcemaps/-/gulp-sourcemaps-1.3.0.tgz',
148 verbose addRemoteTarball   'f8f72759fc8b1ec68c37365b4714ce239242d054' ]
149 info retry fetch attempt 1 at 06:52:10
150 verbose fetch to= /tmp/npm-12497-vyRWfCuK/registry.npmjs.org/gulp-sourcemaps/-/gulp-sourcemaps-1.3.0.tgz
151 http GET https://registry.npmjs.org/gulp-sourcemaps/-/gulp-sourcemaps-1.3.0.tgz
152 http 404 https://registry.npmjs.org/gulp-broserify
153 verbose headers { date: 'Tue, 24 Feb 2015 07:04:50 GMT',
153 verbose headers   server: 'CouchDB/1.5.0 (Erlang OTP/R16B03)',
153 verbose headers   'content-type': 'application/json',
153 verbose headers   'cache-control': 'max-age=0',
153 verbose headers   'content-length': '52',
153 verbose headers   'accept-ranges': 'bytes',
153 verbose headers   via: '1.1 varnish',
153 verbose headers   age: '0',
153 verbose headers   'x-served-by': 'cache-fra1222-FRA',
153 verbose headers   'x-cache': 'MISS',
153 verbose headers   'x-cache-hits': '0',
153 verbose headers   'x-timer': 'S1424761490.707235,VS0,VE174',
153 verbose headers   'keep-alive': 'timeout=10, max=50',
153 verbose headers   connection: 'Keep-Alive' }
154 silly registry.get cb [ 404,
154 silly registry.get   { date: 'Tue, 24 Feb 2015 07:04:50 GMT',
154 silly registry.get     server: 'CouchDB/1.5.0 (Erlang OTP/R16B03)',
154 silly registry.get     'content-type': 'application/json',
154 silly registry.get     'cache-control': 'max-age=0',
154 silly registry.get     'content-length': '52',
154 silly registry.get     'accept-ranges': 'bytes',
154 silly registry.get     via: '1.1 varnish',
154 silly registry.get     age: '0',
154 silly registry.get     'x-served-by': 'cache-fra1222-FRA',
154 silly registry.get     'x-cache': 'MISS',
154 silly registry.get     'x-cache-hits': '0',
154 silly registry.get     'x-timer': 'S1424761490.707235,VS0,VE174',
154 silly registry.get     'keep-alive': 'timeout=10, max=50',
154 silly registry.get     connection: 'Keep-Alive' } ]
155 silly lockFile 389b2cfb-gulp-broserify gulp-broserify@
156 silly lockFile 389b2cfb-gulp-broserify gulp-broserify@
157 http 200 https://registry.npmjs.org/vinyl-buffer/-/vinyl-buffer-1.0.0.tgz
158 http 200 https://registry.npmjs.org/vinyl-source-stream/-/vinyl-source-stream-1.0.0.tgz
159 silly lockFile 9b09d9b1-yl-buffer-vinyl-buffer-1-0-0-tgz https://registry.npmjs.org/vinyl-buffer/-/vinyl-buffer-1.0.0.tgz
160 silly lockFile 9b09d9b1-yl-buffer-vinyl-buffer-1-0-0-tgz https://registry.npmjs.org/vinyl-buffer/-/vinyl-buffer-1.0.0.tgz
161 silly lockFile ca8e3468-vinyl-buffer-1-0-0 vinyl-buffer@1.0.0
162 silly lockFile ca8e3468-vinyl-buffer-1-0-0 vinyl-buffer@1.0.0
163 silly lockFile 960e84d6-vinyl-buffer vinyl-buffer@
164 silly lockFile 960e84d6-vinyl-buffer vinyl-buffer@
165 silly lockFile 9fa7316b-am-vinyl-source-stream-1-0-0-tgz https://registry.npmjs.org/vinyl-source-stream/-/vinyl-source-stream-1.0.0.tgz
166 silly lockFile 9fa7316b-am-vinyl-source-stream-1-0-0-tgz https://registry.npmjs.org/vinyl-source-stream/-/vinyl-source-stream-1.0.0.tgz
167 silly lockFile b760c02b-vinyl-source-stream-1-0-0 vinyl-source-stream@1.0.0
168 silly lockFile b760c02b-vinyl-source-stream-1-0-0 vinyl-source-stream@1.0.0
169 silly lockFile b7d6893a-vinyl-source-stream vinyl-source-stream@
170 silly lockFile b7d6893a-vinyl-source-stream vinyl-source-stream@
171 http 200 https://registry.npmjs.org/gulp-sourcemaps/-/gulp-sourcemaps-1.3.0.tgz
172 silly lockFile 18b35538-cemaps-gulp-sourcemaps-1-3-0-tgz https://registry.npmjs.org/gulp-sourcemaps/-/gulp-sourcemaps-1.3.0.tgz
173 silly lockFile 18b35538-cemaps-gulp-sourcemaps-1-3-0-tgz https://registry.npmjs.org/gulp-sourcemaps/-/gulp-sourcemaps-1.3.0.tgz
174 silly lockFile c9dc25b5-gulp-sourcemaps-1-3-0 gulp-sourcemaps@1.3.0
175 silly lockFile c9dc25b5-gulp-sourcemaps-1-3-0 gulp-sourcemaps@1.3.0
176 silly lockFile e21003b7-gulp-sourcemaps gulp-sourcemaps@
177 silly lockFile e21003b7-gulp-sourcemaps gulp-sourcemaps@
178 http 200 https://registry.npmjs.org/gulp-uglify
179 silly registry.get cb [ 200,
179 silly registry.get   { date: 'Tue, 24 Feb 2015 07:04:51 GMT',
179 silly registry.get     server: 'CouchDB/1.5.0 (Erlang OTP/R16B03)',
179 silly registry.get     etag: '"ELLVPBIHE00BE90ENPPI4YEPG"',
179 silly registry.get     'content-type': 'application/json',
179 silly registry.get     'cache-control': 'max-age=60',
179 silly registry.get     'content-length': '23220',
179 silly registry.get     'accept-ranges': 'bytes',
179 silly registry.get     via: '1.1 varnish',
179 silly registry.get     age: '0',
179 silly registry.get     'x-served-by': 'cache-fra1244-FRA',
179 silly registry.get     'x-cache': 'HIT',
179 silly registry.get     'x-cache-hits': '1',
179 silly registry.get     'x-timer': 'S1424761490.704911,VS0,VE677',
179 silly registry.get     vary: 'Accept',
179 silly registry.get     'keep-alive': 'timeout=10, max=50',
179 silly registry.get     connection: 'Keep-Alive' } ]
180 silly addNameRange number 2 { name: 'gulp-uglify', range: '*', hasData: true }
181 silly addNameRange versions [ 'gulp-uglify',
181 silly addNameRange   [ '0.0.1',
181 silly addNameRange     '0.0.3',
181 silly addNameRange     '0.0.4',
181 silly addNameRange     '0.1.0',
181 silly addNameRange     '0.2.0',
181 silly addNameRange     '0.2.1',
181 silly addNameRange     '0.3.0',
181 silly addNameRange     '0.3.1',
181 silly addNameRange     '0.3.2',
181 silly addNameRange     '1.0.0-0',
181 silly addNameRange     '1.0.0',
181 silly addNameRange     '1.0.1',
181 silly addNameRange     '1.0.2',
181 silly addNameRange     '1.1.0' ] ]
182 verbose addNamed [ 'gulp-uglify', '1.1.0' ]
183 verbose addNamed [ '1.1.0', '1.1.0' ]
184 silly lockFile 91b67821-gulp-uglify-1-1-0 gulp-uglify@1.1.0
185 verbose lock gulp-uglify@1.1.0 /home/vagrant/.npm/91b67821-gulp-uglify-1-1-0.lock
186 silly lockFile 8a0655e2-ulp-uglify-gulp-uglify-1-1-0-tgz https://registry.npmjs.org/gulp-uglify/-/gulp-uglify-1.1.0.tgz
187 verbose lock https://registry.npmjs.org/gulp-uglify/-/gulp-uglify-1.1.0.tgz /home/vagrant/.npm/8a0655e2-ulp-uglify-gulp-uglify-1-1-0-tgz.lock
188 verbose addRemoteTarball [ 'https://registry.npmjs.org/gulp-uglify/-/gulp-uglify-1.1.0.tgz',
188 verbose addRemoteTarball   'd50cac9c92226454528d0dd0f6ed99920672ba5c' ]
189 info retry fetch attempt 1 at 06:52:11
190 verbose fetch to= /tmp/npm-12497-vyRWfCuK/registry.npmjs.org/gulp-uglify/-/gulp-uglify-1.1.0.tgz
191 http GET https://registry.npmjs.org/gulp-uglify/-/gulp-uglify-1.1.0.tgz
192 http 200 https://registry.npmjs.org/gulp-uglify/-/gulp-uglify-1.1.0.tgz
193 silly lockFile 8a0655e2-ulp-uglify-gulp-uglify-1-1-0-tgz https://registry.npmjs.org/gulp-uglify/-/gulp-uglify-1.1.0.tgz
194 silly lockFile 8a0655e2-ulp-uglify-gulp-uglify-1-1-0-tgz https://registry.npmjs.org/gulp-uglify/-/gulp-uglify-1.1.0.tgz
195 silly lockFile 91b67821-gulp-uglify-1-1-0 gulp-uglify@1.1.0
196 silly lockFile 91b67821-gulp-uglify-1-1-0 gulp-uglify@1.1.0
197 silly lockFile 044a9113-gulp-uglify gulp-uglify@
198 silly lockFile 044a9113-gulp-uglify gulp-uglify@
199 error 404 404 Not Found: gulp-broserify
199 error 404
199 error 404 'gulp-broserify' is not in the npm registry.
199 error 404 You should bug the author to publish it
199 error 404
199 error 404 Note that you can also install from a
199 error 404 tarball, folder, or http url, or git url.
200 error System Linux 3.13.0-30-generic
201 error command "/usr/bin/node" "/usr/bin/npm" "install" "--save-dev" "gulp-broserify" "vinyl-source-stream" "vinyl-buffer" "gulp-uglify" "gulp-sourcemaps"
202 error cwd /home/vagrant/code/bootcamp-app
203 error node -v v0.10.33
204 error npm -v 1.4.28
205 error code E404
206 verbose exit [ 1, true ]
